<?xml version="1.0" encoding="UTF-8"?>
<!-- Generated by org.testng.reporters.JUnitReportReporter -->
<testsuite hostname="agasa" failures="0" tests="1" name="pageObjectModel.RegistrationPageTest" time="8.312" errors="0" timestamp="2023-01-07T19:33:18 EST" skipped="0">
  <testcase classname="pageObjectModel.RegistrationPageTest" name="Verifyreg" time="8.312"/>
  <system-out/>
</testsuite> <!-- pageObjectModel.RegistrationPageTest -->
