<?xml version="1.0" encoding="UTF-8"?>
<!-- Generated by org.testng.reporters.JUnitReportReporter -->
<testsuite hostname="agasa" failures="0" tests="1" name="pageObjectModel.RegistrationPageTest" time="11.558" errors="0" timestamp="2023-01-11T10:27:13 EST" skipped="0">
  <testcase classname="pageObjectModel.RegistrationPageTest" name="Verifyreg" time="11.558"/>
  <system-out/>
</testsuite> <!-- pageObjectModel.RegistrationPageTest -->
