<?xml version="1.0" encoding="UTF-8"?>
<!-- Generated by org.testng.reporters.JUnitReportReporter -->
<testsuite hostname="agasa" failures="0" tests="1" name="pageObjectModel.HomepageTest" time="2.374" errors="0" timestamp="2023-01-06T09:24:45 EST" skipped="0">
  <testcase classname="pageObjectModel.HomepageTest" name="Home" time="2.374"/>
  <system-out/>
</testsuite> <!-- pageObjectModel.HomepageTest -->
