<?xml version="1.0" encoding="UTF-8"?>
<!-- Generated by org.testng.reporters.JUnitReportReporter -->
<testsuite hostname="agasa" failures="0" tests="1" name="pageObjectModel.RegistrationTest" time="2.024" errors="0" timestamp="2023-01-05T15:00:55 EST" skipped="0">
  <testcase classname="pageObjectModel.RegistrationTest" name="VerifyReg" time="2.024"/>
  <system-out/>
</testsuite> <!-- pageObjectModel.RegistrationTest -->
